Content-Type: text/plain; charset="utf-8"
MIME-Version: 1.0
Content-Transfer-Encoding: 7bit
Subject: Password reset on 127.0.0.1:8000
From: webmaster@localhost
To: taakanksha99@gmail.com
Date: Sat, 28 Dec 2019 15:17:14 -0000
Message-ID: <20191228151714.30851.72554@bonheur>


You're receiving this email because you requested a password reset for your user account at 127.0.0.1:8000.

Please go to the following page and choose a new password:

http://127.0.0.1:8000/password_reset/confirm/MQ/5cn-124309b4cbeb2cc68a90/

Your username, in case you've forgotten: aakanksha

Thanks for using our site!

The 127.0.0.1:8000 team



-------------------------------------------------------------------------------
Content-Type: text/plain; charset="utf-8"
MIME-Version: 1.0
Content-Transfer-Encoding: 7bit
Subject: Password reset on 127.0.0.1:8000
From: webmaster@localhost
To: taakanksha99@gmail.com
Date: Sat, 28 Dec 2019 15:17:14 -0000
Message-ID: <20191228151714.30851.55368@bonheur>


You're receiving this email because you requested a password reset for your user account at 127.0.0.1:8000.

Please go to the following page and choose a new password:

http://127.0.0.1:8000/password_reset/confirm/Mg/5cn-383971fe89de8d16b1db/

Your username, in case you've forgotten: aks11

Thanks for using our site!

The 127.0.0.1:8000 team



-------------------------------------------------------------------------------
